<?xml version="1.0" encoding="UTF-8"?>
<!-- Generated by org.testng.reporters.JUnitReportReporter -->
<testsuite hostname="CR7" failures="0" tests="4" name="api.testcases.UserTest" time="2.168" errors="0" timestamp="2025-08-16T22:02:00 EDT" skipped="0">
  <testcase classname="api.testcases.UserTest" name="Test_CreateUser" time="1.468"/>
  <testcase classname="api.testcases.UserTest" name="Test_GetUser" time="0.105"/>
  <testcase classname="api.testcases.UserTest" name="Test_UpdateUser" time="0.499"/>
  <testcase classname="api.testcases.UserTest" name="Test_Delete" time="0.096"/>
</testsuite> <!-- api.testcases.UserTest -->
