<?xml version="1.0" encoding="UTF-8"?>
<!-- Generated by org.testng.reporters.JUnitReportReporter -->
<testsuite hostname="CR7" failures="0" tests="9" name="api.testcases.DataDriven_UserTest" time="2.251" errors="0" timestamp="2025-08-17T10:33:27 EDT" skipped="0">
  <testcase classname="api.testcases.DataDriven_UserTest" name="Test_CreateUser" time="0.109"/>
  <testcase classname="api.testcases.DataDriven_UserTest" name="Test_CreateUser" time="0.106"/>
  <testcase classname="api.testcases.DataDriven_UserTest" name="Test_CreateUser" time="1.476"/>
  <testcase classname="api.testcases.DataDriven_UserTest" name="Test_GetUser" time="0.083"/>
  <testcase classname="api.testcases.DataDriven_UserTest" name="Test_GetUser" time="0.106"/>
  <testcase classname="api.testcases.DataDriven_UserTest" name="Test_GetUser" time="0.096"/>
  <testcase classname="api.testcases.DataDriven_UserTest" name="Test_Delete" time="0.090"/>
  <testcase classname="api.testcases.DataDriven_UserTest" name="Test_Delete" time="0.092"/>
  <testcase classname="api.testcases.DataDriven_UserTest" name="Test_Delete" time="0.093"/>
</testsuite> <!-- api.testcases.DataDriven_UserTest -->
