<?xml version="1.0" encoding="UTF-8"?>
<!-- Generated by org.testng.reporters.JUnitReportReporter -->
<testsuite hostname="CR7" failures="0" tests="3" name="api.testcases.StoreTest" time="1.683" errors="0" timestamp="2025-08-16T23:33:09 EDT" skipped="0">
  <testcase classname="api.testcases.StoreTest" name="Test_CreateOrder" time="1.544"/>
  <testcase classname="api.testcases.StoreTest" name="Test_GetOrder" time="0.078"/>
  <testcase classname="api.testcases.StoreTest" name="Test_DeleteOrder" time="0.061"/>
</testsuite> <!-- api.testcases.StoreTest -->
