<?xml version="1.0" encoding="UTF-8"?>
<!-- Generated by org.testng.reporters.JUnitReportReporter -->
<testsuite hostname="CR7" failures="0" tests="2" name="api.testcases.Pet_test" time="2.206" errors="0" timestamp="2025-09-02T22:15:07 EDT" skipped="0">
  <testcase classname="api.testcases.Pet_test" name="Test_AddPet" time="2.205"/>
  <testcase classname="api.testcases.Pet_test" name="Test_FindPet" time="0.001"/>
</testsuite> <!-- api.testcases.Pet_test -->
