<?xml version="1.0" encoding="UTF-8"?>
<!-- Generated by org.testng.reporters.JUnitReportReporter -->
<testsuite hostname="CR7" failures="0" tests="9" name="api.testcases.DataDriven_User_test" time="2.171" errors="0" timestamp="2025-08-17T11:35:36 EDT" skipped="0">
  <testcase classname="api.testcases.DataDriven_User_test" name="Test_CreateUser" time="0.119"/>
  <testcase classname="api.testcases.DataDriven_User_test" name="Test_CreateUser" time="0.087"/>
  <testcase classname="api.testcases.DataDriven_User_test" name="Test_CreateUser" time="1.379"/>
  <testcase classname="api.testcases.DataDriven_User_test" name="Test_GetUser" time="0.098"/>
  <testcase classname="api.testcases.DataDriven_User_test" name="Test_GetUser" time="0.111"/>
  <testcase classname="api.testcases.DataDriven_User_test" name="Test_GetUser" time="0.102"/>
  <testcase classname="api.testcases.DataDriven_User_test" name="Test_Delete" time="0.087"/>
  <testcase classname="api.testcases.DataDriven_User_test" name="Test_Delete" time="0.099"/>
  <testcase classname="api.testcases.DataDriven_User_test" name="Test_Delete" time="0.089"/>
</testsuite> <!-- api.testcases.DataDriven_User_test -->
