<?xml version="1.0" encoding="UTF-8"?>
<!-- Generated by org.testng.reporters.JUnitReportReporter -->
<testsuite hostname="CR7" failures="0" tests="9" name="api.testcases.DataDriven_Store_test" time="2.355" errors="0" timestamp="2025-08-17T21:52:57 EDT" skipped="0">
  <testcase classname="api.testcases.DataDriven_Store_test" name="Test_CreateOrder" time="0.110"/>
  <testcase classname="api.testcases.DataDriven_Store_test" name="Test_CreateOrder" time="1.460"/>
  <testcase classname="api.testcases.DataDriven_Store_test" name="Test_CreateOrder" time="0.109"/>
  <testcase classname="api.testcases.DataDriven_Store_test" name="Test_GetOrder" time="0.125"/>
  <testcase classname="api.testcases.DataDriven_Store_test" name="Test_GetOrder" time="0.117"/>
  <testcase classname="api.testcases.DataDriven_Store_test" name="Test_GetOrder" time="0.110"/>
  <testcase classname="api.testcases.DataDriven_Store_test" name="Test_DeleteOrder" time="0.109"/>
  <testcase classname="api.testcases.DataDriven_Store_test" name="Test_DeleteOrder" time="0.124"/>
  <testcase classname="api.testcases.DataDriven_Store_test" name="Test_DeleteOrder" time="0.091"/>
</testsuite> <!-- api.testcases.DataDriven_Store_test -->
