<?xml version="1.0" encoding="UTF-8"?>
<!-- Generated by org.testng.reporters.JUnitReportReporter -->
<testsuite hostname="CR7" failures="0" tests="3" name="api.testcases.Store_test" time="1.776" errors="0" timestamp="2025-08-17T11:45:21 EDT" skipped="0">
  <testcase classname="api.testcases.Store_test" name="Test_CreateOrder" time="1.532"/>
  <testcase classname="api.testcases.Store_test" name="Test_GetOrder" time="0.129"/>
  <testcase classname="api.testcases.Store_test" name="Test_DeleteOrder" time="0.115"/>
</testsuite> <!-- api.testcases.Store_test -->
